2022-07-05 11:56:05.305  INFO 17052 --- [restartedMain] com.akhilesh.MySpringBootApplication     : Starting MySpringBootApplication using Java 17 on ROSHANI with PID 17052 (D:\IG-Training\Library-Management-System\target\classes started by akhil in D:\IG-Training\Library-Management-System)
2022-07-05 11:56:05.308  INFO 17052 --- [restartedMain] com.akhilesh.MySpringBootApplication     : No active profile set, falling back to 1 default profile: "default"
2022-07-05 11:56:05.396  INFO 17052 --- [restartedMain] .e.DevToolsPropertyDefaultsPostProcessor : Devtools property defaults active! Set 'spring.devtools.add-properties' to 'false' to disable
2022-07-05 11:56:05.396  INFO 17052 --- [restartedMain] .e.DevToolsPropertyDefaultsPostProcessor : For additional web related logging consider setting the 'logging.level.web' property to 'DEBUG'
2022-07-05 11:56:07.522  INFO 17052 --- [restartedMain] .s.d.r.c.RepositoryConfigurationDelegate : Bootstrapping Spring Data JPA repositories in DEFAULT mode.
2022-07-05 11:56:07.624  INFO 17052 --- [restartedMain] .s.d.r.c.RepositoryConfigurationDelegate : Finished Spring Data repository scanning in 82 ms. Found 3 JPA repository interfaces.
2022-07-05 11:56:08.863  INFO 17052 --- [restartedMain] o.s.b.w.embedded.tomcat.TomcatWebServer  : Tomcat initialized with port(s): 8081 (http)
2022-07-05 11:56:08.890  INFO 17052 --- [restartedMain] o.apache.catalina.core.StandardService   : Starting service [Tomcat]
2022-07-05 11:56:08.892  INFO 17052 --- [restartedMain] org.apache.catalina.core.StandardEngine  : Starting Servlet engine: [Apache Tomcat/9.0.63]
2022-07-05 11:56:09.283  INFO 17052 --- [restartedMain] o.a.c.c.C.[Tomcat].[localhost].[/]       : Initializing Spring embedded WebApplicationContext
2022-07-05 11:56:09.284  INFO 17052 --- [restartedMain] w.s.c.ServletWebServerApplicationContext : Root WebApplicationContext: initialization completed in 3600 ms
2022-07-05 11:56:09.458  INFO 17052 --- [restartedMain] com.zaxxer.hikari.HikariDataSource       : HikariPool-1 - Starting...
2022-07-05 11:56:10.032  INFO 17052 --- [restartedMain] com.zaxxer.hikari.HikariDataSource       : HikariPool-1 - Start completed.
2022-07-05 11:56:10.349  INFO 17052 --- [restartedMain] o.hibernate.jpa.internal.util.LogHelper  : HHH000204: Processing PersistenceUnitInfo [name: default]
2022-07-05 11:56:10.500  INFO 17052 --- [restartedMain] org.hibernate.Version                    : HHH000412: Hibernate ORM core version 5.6.9.Final
2022-07-05 11:56:10.916  INFO 17052 --- [restartedMain] o.hibernate.annotations.common.Version   : HCANN000001: Hibernate Commons Annotations {5.1.2.Final}
2022-07-05 11:56:11.151  INFO 17052 --- [restartedMain] org.hibernate.dialect.Dialect            : HHH000400: Using dialect: org.hibernate.dialect.MySQL8Dialect
2022-07-05 11:56:12.370  INFO 17052 --- [restartedMain] o.h.e.t.j.p.i.JtaPlatformInitiator       : HHH000490: Using JtaPlatform implementation: [org.hibernate.engine.transaction.jta.platform.internal.NoJtaPlatform]
2022-07-05 11:56:12.383  INFO 17052 --- [restartedMain] j.LocalContainerEntityManagerFactoryBean : Initialized JPA EntityManagerFactory for persistence unit 'default'
2022-07-05 11:56:13.395  INFO 17052 --- [restartedMain] c.a.c.BookBatchOperationConfiguration    : job started
2022-07-05 11:56:13.430  INFO 17052 --- [restartedMain] c.a.c.BookBatchOperationConfiguration    : job ended
2022-07-05 11:56:13.508  WARN 17052 --- [restartedMain] JpaBaseConfiguration$JpaWebConfiguration : spring.jpa.open-in-view is enabled by default. Therefore, database queries may be performed during view rendering. Explicitly configure spring.jpa.open-in-view to disable this warning
2022-07-05 11:56:13.914  WARN 17052 --- [restartedMain] o.s.b.a.batch.JpaBatchConfigurer         : JPA does not support custom isolation levels, so locks may not be taken when launching Jobs. To silence this warning, set 'spring.batch.jdbc.isolation-level-for-create' to 'default'.
2022-07-05 11:56:13.925  INFO 17052 --- [restartedMain] o.s.b.c.r.s.JobRepositoryFactoryBean     : No database type set, using meta data indicating: MYSQL
2022-07-05 11:56:13.973  INFO 17052 --- [restartedMain] o.s.b.c.l.support.SimpleJobLauncher      : No TaskExecutor has been set, defaulting to synchronous executor.
2022-07-05 11:56:14.153  INFO 17052 --- [restartedMain] o.s.b.d.a.OptionalLiveReloadServer       : LiveReload server is running on port 35729
2022-07-05 11:56:14.235  INFO 17052 --- [restartedMain] o.s.b.w.embedded.tomcat.TomcatWebServer  : Tomcat started on port(s): 8081 (http) with context path ''
2022-07-05 11:56:14.265  INFO 17052 --- [restartedMain] com.akhilesh.MySpringBootApplication     : Started MySpringBootApplication in 9.775 seconds (JVM running for 11.254)
2022-07-05 11:56:44.528  INFO 17052 --- [http-nio-8081-exec-1] o.a.c.c.C.[Tomcat].[localhost].[/]       : Initializing Spring DispatcherServlet 'dispatcherServlet'
2022-07-05 11:56:44.529  INFO 17052 --- [http-nio-8081-exec-1] o.s.web.servlet.DispatcherServlet        : Initializing Servlet 'dispatcherServlet'
2022-07-05 11:56:44.531  INFO 17052 --- [http-nio-8081-exec-1] o.s.web.servlet.DispatcherServlet        : Completed initialization in 2 ms
2022-07-05 11:56:44.696  INFO 17052 --- [http-nio-8081-exec-1] o.s.b.c.l.support.SimpleJobLauncher      : Job: [SimpleJob: [name=ETL-Load]] launched with the following parameters: [{time=1657002404584}]
2022-07-05 11:56:44.782  INFO 17052 --- [http-nio-8081-exec-1] o.s.batch.core.job.SimpleStepHandler     : Executing step: [ETL-File-Load]
2022-07-05 11:56:44.867  INFO 17052 --- [http-nio-8081-exec-1] com.akhilesh.batch.Processor             : Book Process start
2022-07-05 11:56:44.868  INFO 17052 --- [http-nio-8081-exec-1] com.akhilesh.batch.Processor             : Book(bookId=0, bookName=Rod Johnson, author=Spring, publication=DEF Publication, pages=200, price=400.0, noOfCopies=100, createdBy=User(userId=8, userName=null, age=0, gender=null, email=null, mobileNo=0, address=null, userType=null), modifiedBy=null, createdOn=Tue Jul 05 11:56:44 IST 2022, modifiedOn=null)
2022-07-05 11:56:44.869  INFO 17052 --- [http-nio-8081-exec-1] com.akhilesh.batch.Processor             : Book Process stop
2022-07-05 11:56:44.869  INFO 17052 --- [http-nio-8081-exec-1] com.akhilesh.batch.Processor             : Book Process start
2022-07-05 11:56:44.870  INFO 17052 --- [http-nio-8081-exec-1] com.akhilesh.batch.Processor             : Book(bookId=0, bookName=Rod Johnson, author=Spring Boot, publication=DEF Publication, pages=200, price=400.0, noOfCopies=100, createdBy=User(userId=8, userName=null, age=0, gender=null, email=null, mobileNo=0, address=null, userType=null), modifiedBy=null, createdOn=Tue Jul 05 11:56:44 IST 2022, modifiedOn=null)
2022-07-05 11:56:44.870  INFO 17052 --- [http-nio-8081-exec-1] com.akhilesh.batch.Processor             : Book Process stop
2022-07-05 11:56:44.871  INFO 17052 --- [http-nio-8081-exec-1] com.akhilesh.batch.Processor             : Book Process start
2022-07-05 11:56:44.871  INFO 17052 --- [http-nio-8081-exec-1] com.akhilesh.batch.Processor             : Book(bookId=0, bookName=Gavin King, author=Hibernate, publication=ABC Publication, pages=200, price=400.0, noOfCopies=100, createdBy=User(userId=8, userName=null, age=0, gender=null, email=null, mobileNo=0, address=null, userType=null), modifiedBy=null, createdOn=Tue Jul 05 11:56:44 IST 2022, modifiedOn=null)
2022-07-05 11:56:44.872  INFO 17052 --- [http-nio-8081-exec-1] com.akhilesh.batch.Processor             : Book Process stop
2022-07-05 11:56:44.872  INFO 17052 --- [http-nio-8081-exec-1] com.akhilesh.batch.Processor             : Book Process start
2022-07-05 11:56:44.872  INFO 17052 --- [http-nio-8081-exec-1] com.akhilesh.batch.Processor             : Book(bookId=0, bookName=Gavin King, author=Hibernate Advanced, publication=ABC Publication, pages=200, price=400.0, noOfCopies=100, createdBy=User(userId=8, userName=null, age=0, gender=null, email=null, mobileNo=0, address=null, userType=null), modifiedBy=null, createdOn=Tue Jul 05 11:56:44 IST 2022, modifiedOn=null)
2022-07-05 11:56:44.872  INFO 17052 --- [http-nio-8081-exec-1] com.akhilesh.batch.Processor             : Book Process stop
2022-07-05 11:56:44.873  INFO 17052 --- [http-nio-8081-exec-1] com.akhilesh.batch.Processor             : Book Process start
2022-07-05 11:56:44.873  INFO 17052 --- [http-nio-8081-exec-1] com.akhilesh.batch.Processor             : Book(bookId=0, bookName=James Gosling, author=Core Java, publication=Sri Publication, pages=200, price=400.0, noOfCopies=100, createdBy=User(userId=8, userName=null, age=0, gender=null, email=null, mobileNo=0, address=null, userType=null), modifiedBy=null, createdOn=Tue Jul 05 11:56:44 IST 2022, modifiedOn=null)
2022-07-05 11:56:44.873  INFO 17052 --- [http-nio-8081-exec-1] com.akhilesh.batch.Processor             : Book Process stop
2022-07-05 11:56:44.873  INFO 17052 --- [http-nio-8081-exec-1] com.akhilesh.batch.Processor             : Book Process start
2022-07-05 11:56:44.874  INFO 17052 --- [http-nio-8081-exec-1] com.akhilesh.batch.Processor             : Book(bookId=0, bookName=James Gosling, author=Advanced Java, publication=Sri Publication, pages=200, price=400.0, noOfCopies=100, createdBy=User(userId=8, userName=null, age=0, gender=null, email=null, mobileNo=0, address=null, userType=null), modifiedBy=null, createdOn=Tue Jul 05 11:56:44 IST 2022, modifiedOn=null)
2022-07-05 11:56:44.874  INFO 17052 --- [http-nio-8081-exec-1] com.akhilesh.batch.Processor             : Book Process stop
2022-07-05 11:56:44.875  INFO 17052 --- [http-nio-8081-exec-1] com.akhilesh.batch.BookDBWriter          : Data saved for :[Book(bookId=0, bookName=Rod Johnson, author=Spring, publication=DEF Publication, pages=200, price=400.0, noOfCopies=100, createdBy=User(userId=8, userName=null, age=0, gender=null, email=null, mobileNo=0, address=null, userType=null), modifiedBy=null, createdOn=Tue Jul 05 11:56:44 IST 2022, modifiedOn=null), Book(bookId=0, bookName=Rod Johnson, author=Spring Boot, publication=DEF Publication, pages=200, price=400.0, noOfCopies=100, createdBy=User(userId=8, userName=null, age=0, gender=null, email=null, mobileNo=0, address=null, userType=null), modifiedBy=null, createdOn=Tue Jul 05 11:56:44 IST 2022, modifiedOn=null), Book(bookId=0, bookName=Gavin King, author=Hibernate, publication=ABC Publication, pages=200, price=400.0, noOfCopies=100, createdBy=User(userId=8, userName=null, age=0, gender=null, email=null, mobileNo=0, address=null, userType=null), modifiedBy=null, createdOn=Tue Jul 05 11:56:44 IST 2022, modifiedOn=null), Book(bookId=0, bookName=Gavin King, author=Hibernate Advanced, publication=ABC Publication, pages=200, price=400.0, noOfCopies=100, createdBy=User(userId=8, userName=null, age=0, gender=null, email=null, mobileNo=0, address=null, userType=null), modifiedBy=null, createdOn=Tue Jul 05 11:56:44 IST 2022, modifiedOn=null), Book(bookId=0, bookName=James Gosling, author=Core Java, publication=Sri Publication, pages=200, price=400.0, noOfCopies=100, createdBy=User(userId=8, userName=null, age=0, gender=null, email=null, mobileNo=0, address=null, userType=null), modifiedBy=null, createdOn=Tue Jul 05 11:56:44 IST 2022, modifiedOn=null), Book(bookId=0, bookName=James Gosling, author=Advanced Java, publication=Sri Publication, pages=200, price=400.0, noOfCopies=100, createdBy=User(userId=8, userName=null, age=0, gender=null, email=null, mobileNo=0, address=null, userType=null), modifiedBy=null, createdOn=Tue Jul 05 11:56:44 IST 2022, modifiedOn=null)]
2022-07-05 11:56:44.985  INFO 17052 --- [http-nio-8081-exec-1] o.s.batch.core.step.AbstractStep         : Step: [ETL-File-Load] executed in 202ms
2022-07-05 11:56:45.019  INFO 17052 --- [http-nio-8081-exec-1] o.s.b.c.l.support.SimpleJobLauncher      : Job: [SimpleJob: [name=ETL-Load]] completed with the following parameters: [{time=1657002404584}] and the following status: [COMPLETED] in 275ms
2022-07-05 11:56:45.019  INFO 17052 --- [http-nio-8081-exec-1] c.a.controller.BulkBookController        : JobExecution :COMPLETED
2022-07-05 11:56:45.019  INFO 17052 --- [http-nio-8081-exec-1] c.a.controller.BulkBookController        : Batch is Running.............
2022-07-05 12:16:29.707  INFO 17052 --- [RMI TCP Connection(27)-127.0.0.1] inMXBeanRegistrar$SpringApplicationAdmin : Application shutdown requested.
2022-07-05 12:16:32.132  INFO 17052 --- [RMI TCP Connection(27)-127.0.0.1] j.LocalContainerEntityManagerFactoryBean : Closing JPA EntityManagerFactory for persistence unit 'default'
2022-07-05 12:16:32.145  INFO 17052 --- [RMI TCP Connection(27)-127.0.0.1] com.zaxxer.hikari.HikariDataSource       : HikariPool-1 - Shutdown initiated...
2022-07-05 12:16:32.166  INFO 17052 --- [RMI TCP Connection(27)-127.0.0.1] com.zaxxer.hikari.HikariDataSource       : HikariPool-1 - Shutdown completed.
